% mean class accuracy (train set)	
 2.4938e+01	
 4.4271e+01	
 5.7385e+01	
 6.4007e+01	
 6.8397e+01	
 7.1631e+01	
 7.4258e+01	
 7.6159e+01	
 7.7802e+01	
 7.9346e+01	
 8.0636e+01	
 8.1562e+01	
 8.2596e+01	
 8.3494e+01	
 8.4170e+01	
 8.4783e+01	
 8.5652e+01	
 8.6217e+01	
 8.6568e+01	
 8.7260e+01	
 8.7811e+01	
 8.8239e+01	
 8.8637e+01	
 8.8964e+01	
 8.9433e+01	
 8.9782e+01	
 8.9959e+01	
 9.0178e+01	
 9.0645e+01	
 9.0826e+01	
 9.1233e+01	
 9.1482e+01	
 9.1775e+01	
 9.1994e+01	
 9.2271e+01	
 9.2613e+01	
 9.2728e+01	
 9.3047e+01	
 9.3163e+01	
 9.3379e+01	
 9.3637e+01	
 9.3749e+01	
 9.3865e+01	
 9.4026e+01	
 9.4172e+01	
 9.4350e+01	
 9.4410e+01	
 9.4666e+01	
 9.4914e+01	
 9.4937e+01	
 9.5141e+01	
 9.5236e+01	
 9.5232e+01	
 9.5462e+01	
 9.5529e+01	
 9.5652e+01	
 9.5761e+01	
 9.5964e+01	
 9.5961e+01	
 9.6215e+01	
 9.6172e+01	
 9.6210e+01	
 9.6348e+01	
 9.6464e+01	
 9.6449e+01	
 9.6520e+01	
 9.6614e+01	
 9.6796e+01	
 9.6770e+01	
 9.6836e+01	
 9.6963e+01	
 9.6954e+01	
 9.7029e+01	
 9.7027e+01	
 9.7184e+01	
 9.7165e+01	
 9.7308e+01	
 9.7383e+01	
 9.7431e+01	
 9.7421e+01	
 9.7499e+01	
 9.7527e+01	
 9.7545e+01	
 9.7572e+01	
 9.7565e+01	
 9.7672e+01	
 9.7703e+01	
 9.7689e+01	
 9.7752e+01	
 9.7804e+01	
 9.7729e+01	
 9.7965e+01	
 9.7881e+01	
 9.7904e+01	
 9.7970e+01	
 9.8020e+01	
 9.7968e+01	
 9.7988e+01	
 9.8165e+01	
 9.8063e+01	
 9.8149e+01	
 9.8189e+01	
